<?xml version="1.0" encoding="UTF-8"?>
<!-- Generated by org.testng.reporters.JUnitReportReporter -->
<testsuite hostname="CTC-LAPT-116" failures="0" tests="1" name="tests.InfiniteScrollTest" time="35.139" errors="0" timestamp="2025-10-08T11:26:39 ICT" skipped="0">
  <testcase classname="tests.InfiniteScrollTest" name="testInfiniteScrollLoadsMoreContent" time="35.139"/>
</testsuite> <!-- tests.InfiniteScrollTest -->
