<?xml version="1.0" encoding="UTF-8"?>
<!-- Generated by org.testng.reporters.JUnitReportReporter -->
<testsuite hostname="CTC-LAPT-116" failures="0" tests="6" name="tests.LoginTest" time="44.074" errors="0" timestamp="2025-10-07T13:23:52 ICT" skipped="0">
  <testcase classname="tests.LoginTest" name="testLoginExcel" time="6.563"/>
  <testcase classname="tests.LoginTest" name="testLoginExcel" time="6.574"/>
  <testcase classname="tests.LoginTest" name="testLoginCSV" time="6.945"/>
  <testcase classname="tests.LoginTest" name="testLoginJSON" time="10.895"/>
  <testcase classname="tests.LoginTest" name="testLoginJSON" time="6.280"/>
  <testcase classname="tests.LoginTest" name="testLoginCSV" time="6.817"/>
</testsuite> <!-- tests.LoginTest -->
