<?xml version="1.0" encoding="UTF-8"?>
<!-- Generated by org.testng.reporters.JUnitReportReporter -->
<testsuite hostname="CTC-LAPT-116" failures="0" tests="3" name="tests.HoversTest" time="23.161" errors="0" timestamp="2025-10-08T11:10:11 ICT" skipped="0">
  <testcase classname="tests.HoversTest" name="testHoverOverFirstFigure" time="7.208"/>
  <testcase classname="tests.HoversTest" name="testHoverOverThirdFigure" time="7.540"/>
  <testcase classname="tests.HoversTest" name="testHoverOverSecondFigure" time="8.413"/>
</testsuite> <!-- tests.HoversTest -->
