<?xml version="1.0" encoding="UTF-8"?>
<!-- Generated by org.testng.reporters.JUnitReportReporter -->
<testsuite hostname="CTC-LAPT-116" failures="0" tests="2" name="tests.DropdownTest" time="12.077" errors="0" timestamp="2025-10-08T13:16:29 ICT" skipped="0">
  <testcase classname="tests.DropdownTest" name="testSelectOption1" time="4.819"/>
  <testcase classname="tests.DropdownTest" name="testSelectOption2" time="7.258"/>
</testsuite> <!-- tests.DropdownTest -->
